# JRE version: OpenJDK Runtime Environment Temurin-17.0.2+8 (17.0.2+8) (build 17.0.2+8)
# Java VM: OpenJDK 64-Bit Server VM Temurin-17.0.2+8 (17.0.2+8, mixed mode, tiered, compressed oops, compressed class ptrs, parallel gc, linux-amd64)
GC Precious Log:
 CPUs: 1 total, 1 available
 Memory: 1993M
 Large Page Support: Disabled
 NUMA Support: Disabled
 Compressed Oops: Enabled (32-bit)
 Alignments: Space 512K, Generation 512K, Heap 2M
 Heap Min Capacity: 100M
 Heap Initial Capacity: 100M
 Heap Max Capacity: 1G
 Pre-touch: Disabled
 Parallel Workers: 1
Heap:
 PSYoungGen      total 300544K, used 0K [0x00000000eab00000, 0x0000000100000000, 0x0000000100000000)
  eden space 192000K, 0% used [0x00000000eab00000,0x00000000eab00000,0x00000000f6680000)
  from space 108544K, 0% used [0x00000000f9600000,0x00000000f9600000,0x0000000100000000)
  to   space 37376K, 0% used [0x00000000f6680000,0x00000000f6680000,0x00000000f8b00000)
 ParOldGen       total 387072K, used 374416K [0x00000000c0000000, 0x00000000d7a00000, 0x00000000eab00000)
  object space 387072K, 96% used [0x00000000c0000000,0x00000000d6da4100,0x00000000d7a00000)
 Metaspace       used 66656K, committed 67648K, reserved 1114112K
  class space    used 7013K, committed 7424K, reserved 1048576K
GC Heap History (20 events):
Event: 111.935 GC heap after
{Heap after GC invocations=32 (full 4):
 PSYoungGen      total 116224K, used 15304K [0x00000000eab00000, 0x00000000f3800000, 0x0000000100000000)
  eden space 100864K, 0% used [0x00000000eab00000,0x00000000eab00000,0x00000000f0d80000)
  from space 15360K, 99% used [0x00000000f2900000,0x00000000f37f2110,0x00000000f3800000)
  to   space 19456K, 0% used [0x00000000f1200000,0x00000000f1200000,0x00000000f2500000)
 ParOldGen       total 182272K, used 140682K [0x00000000c0000000, 0x00000000cb200000, 0x00000000eab00000)
  object space 182272K, 77% used [0x00000000c0000000,0x00000000c8962a10,0x00000000cb200000)
 Metaspace       used 55803K, committed 56768K, reserved 1105920K
  class space    used 6052K, committed 6464K, reserved 1048576K
}
Event: 117.449 GC heap before
{Heap before GC invocations=33 (full 4):
 PSYoungGen      total 116224K, used 116168K [0x00000000eab00000, 0x00000000f3800000, 0x0000000100000000)
  eden space 100864K, 100% used [0x00000000eab00000,0x00000000f0d80000,0x00000000f0d80000)
  from space 15360K, 99% used [0x00000000f2900000,0x00000000f37f2110,0x00000000f3800000)
  to   space 19456K, 0% used [0x00000000f1200000,0x00000000f1200000,0x00000000f2500000)
 ParOldGen       total 182272K, used 140682K [0x00000000c0000000, 0x00000000cb200000, 0x00000000eab00000)
  object space 182272K, 77% used [0x00000000c0000000,0x00000000c8962a10,0x00000000cb200000)
 Metaspace       used 59771K, committed 60736K, reserved 1105920K
  class space    used 6421K, committed 6848K, reserved 1048576K
}
Event: 119.242 GC heap after
{Heap after GC invocations=33 (full 4):
 PSYoungGen      total 124928K, used 16075K [0x00000000eab00000, 0x00000000f4100000, 0x0000000100000000)
  eden space 105472K, 0% used [0x00000000eab00000,0x00000000eab00000,0x00000000f1200000)
  from space 19456K, 82% used [0x00000000f1200000,0x00000000f21b2e80,0x00000000f2500000)
  to   space 16896K, 0% used [0x00000000f3080000,0x00000000f3080000,0x00000000f4100000)
 ParOldGen       total 182272K, used 155806K [0x00000000c0000000, 0x00000000cb200000, 0x00000000eab00000)
  object space 182272K, 85% used [0x00000000c0000000,0x00000000c98279d0,0x00000000cb200000)
 Metaspace       used 59771K, committed 60736K, reserved 1105920K
  class space    used 6421K, committed 6848K, reserved 1048576K
}
Event: 124.341 GC heap before
{Heap before GC invocations=34 (full 4):
 PSYoungGen      total 124928K, used 121547K [0x00000000eab00000, 0x00000000f4100000, 0x0000000100000000)
  eden space 105472K, 100% used [0x00000000eab00000,0x00000000f1200000,0x00000000f1200000)
  from space 19456K, 82% used [0x00000000f1200000,0x00000000f21b2e80,0x00000000f2500000)
  to   space 16896K, 0% used [0x00000000f3080000,0x00000000f3080000,0x00000000f4100000)
 ParOldGen       total 182272K, used 155806K [0x00000000c0000000, 0x00000000cb200000, 0x00000000eab00000)
  object space 182272K, 85% used [0x00000000c0000000,0x00000000c98279d0,0x00000000cb200000)
 Metaspace       used 62208K, committed 63168K, reserved 1105920K
  class space    used 6630K, committed 7040K, reserved 1048576K
}
Event: 126.348 GC heap after
{Heap after GC invocations=34 (full 4):
 PSYoungGen      total 137728K, used 14933K [0x00000000eab00000, 0x00000000f4480000, 0x0000000100000000)
  eden space 120832K, 0% used [0x00000000eab00000,0x00000000eab00000,0x00000000f2100000)
  from space 16896K, 88% used [0x00000000f3080000,0x00000000f3f154c0,0x00000000f4100000)
  to   space 15872K, 0% used [0x00000000f2100000,0x00000000f2100000,0x00000000f3080000)
 ParOldGen       total 182272K, used 171466K [0x00000000c0000000, 0x00000000cb200000, 0x00000000eab00000)
  object space 182272K, 94% used [0x00000000c0000000,0x00000000ca772b88,0x00000000cb200000)
 Metaspace       used 62208K, committed 63168K, reserved 1105920K
  class space    used 6630K, committed 7040K, reserved 1048576K
}
Event: 126.348 GC heap before
{Heap before GC invocations=35 (full 5):
 PSYoungGen      total 137728K, used 14933K [0x00000000eab00000, 0x00000000f4480000, 0x0000000100000000)
  eden space 120832K, 0% used [0x00000000eab00000,0x00000000eab00000,0x00000000f2100000)
  from space 16896K, 88% used [0x00000000f3080000,0x00000000f3f154c0,0x00000000f4100000)
  to   space 15872K, 0% used [0x00000000f2100000,0x00000000f2100000,0x00000000f3080000)
 ParOldGen       total 182272K, used 171466K [0x00000000c0000000, 0x00000000cb200000, 0x00000000eab00000)
  object space 182272K, 94% used [0x00000000c0000000,0x00000000ca772b88,0x00000000cb200000)
 Metaspace       used 62208K, committed 63168K, reserved 1105920K
  class space    used 6630K, committed 7040K, reserved 1048576K
}
Event: 133.179 GC heap after
{Heap after GC invocations=35 (full 5):
 PSYoungGen      total 136704K, used 0K [0x00000000eab00000, 0x00000000f5580000, 0x0000000100000000)
  eden space 120832K, 0% used [0x00000000eab00000,0x00000000eab00000,0x00000000f2100000)
  from space 15872K, 0% used [0x00000000f2100000,0x00000000f2100000,0x00000000f3080000)
  to   space 15872K, 0% used [0x00000000f4600000,0x00000000f4600000,0x00000000f5580000)
 ParOldGen       total 260096K, used 178999K [0x00000000c0000000, 0x00000000cfe00000, 0x00000000eab00000)
  object space 260096K, 68% used [0x00000000c0000000,0x00000000caecdc10,0x00000000cfe00000)
 Metaspace       used 62208K, committed 63168K, reserved 1105920K
  class space    used 6630K, committed 7040K, reserved 1048576K
}
Event: 137.866 GC heap before
{Heap before GC invocations=36 (full 5):
 PSYoungGen      total 136704K, used 116415K [0x00000000eab00000, 0x00000000f5580000, 0x0000000100000000)
  eden space 120832K, 96% used [0x00000000eab00000,0x00000000f1cafc10,0x00000000f2100000)
  from space 15872K, 0% used [0x00000000f2100000,0x00000000f2100000,0x00000000f3080000)
  to   space 15872K, 0% used [0x00000000f4600000,0x00000000f4600000,0x00000000f5580000)
 ParOldGen       total 260096K, used 178999K [0x00000000c0000000, 0x00000000cfe00000, 0x00000000eab00000)
  object space 260096K, 68% used [0x00000000c0000000,0x00000000caecdc10,0x00000000cfe00000)
 Metaspace       used 65206K, committed 66240K, reserved 1114112K
  class space    used 6953K, committed 7360K, reserved 1048576K
}
Event: 138.816 GC heap after
{Heap after GC invocations=36 (full 5):
 PSYoungGen      total 156672K, used 14946K [0x00000000eab00000, 0x00000000f5500000, 0x0000000100000000)
  eden space 141312K, 0% used [0x00000000eab00000,0x00000000eab00000,0x00000000f3500000)
  from space 15360K, 97% used [0x00000000f4600000,0x00000000f54989f0,0x00000000f5500000)
  to   space 15360K, 0% used [0x00000000f3700000,0x00000000f3700000,0x00000000f4600000)
 ParOldGen       total 260096K, used 190008K [0x00000000c0000000, 0x00000000cfe00000, 0x00000000eab00000)
  object space 260096K, 73% used [0x00000000c0000000,0x00000000cb98e1b0,0x00000000cfe00000)
 Metaspace       used 65206K, committed 66240K, reserved 1114112K
  class space    used 6953K, committed 7360K, reserved 1048576K
}
Event: 141.943 GC heap before
{Heap before GC invocations=37 (full 5):
 PSYoungGen      total 156672K, used 156258K [0x00000000eab00000, 0x00000000f5500000, 0x0000000100000000)
  eden space 141312K, 100% used [0x00000000eab00000,0x00000000f3500000,0x00000000f3500000)
  from space 15360K, 97% used [0x00000000f4600000,0x00000000f54989f0,0x00000000f5500000)
  to   space 15360K, 0% used [0x00000000f3700000,0x00000000f3700000,0x00000000f4600000)
 ParOldGen       total 260096K, used 190008K [0x00000000c0000000, 0x00000000cfe00000, 0x00000000eab00000)
  object space 260096K, 73% used [0x00000000c0000000,0x00000000cb98e1b0,0x00000000cfe00000)
 Metaspace       used 65761K, committed 66816K, reserved 1114112K
  class space    used 7005K, committed 7424K, reserved 1048576K
}
Event: 143.599 GC heap after
{Heap after GC invocations=37 (full 5):
 PSYoungGen      total 158720K, used 15360K [0x00000000eab00000, 0x00000000fe300000, 0x0000000100000000)
  eden space 143360K, 0% used [0x00000000eab00000,0x00000000eab00000,0x00000000f3700000)
  from space 15360K, 100% used [0x00000000f3700000,0x00000000f4600000,0x00000000f4600000)
  to   space 76288K, 0% used [0x00000000f9880000,0x00000000f9880000,0x00000000fe300000)
 ParOldGen       total 260096K, used 241587K [0x00000000c0000000, 0x00000000cfe00000, 0x00000000eab00000)
  object space 260096K, 92% used [0x00000000c0000000,0x00000000cebecc18,0x00000000cfe00000)
 Metaspace       used 65761K, committed 66816K, reserved 1114112K
  class space    used 7005K, committed 7424K, reserved 1048576K
}
Event: 143.599 GC heap before
{Heap before GC invocations=38 (full 6):
 PSYoungGen      total 158720K, used 15360K [0x00000000eab00000, 0x00000000fe300000, 0x0000000100000000)
  eden space 143360K, 0% used [0x00000000eab00000,0x00000000eab00000,0x00000000f3700000)
  from space 15360K, 100% used [0x00000000f3700000,0x00000000f4600000,0x00000000f4600000)
  to   space 76288K, 0% used [0x00000000f9880000,0x00000000f9880000,0x00000000fe300000)
 ParOldGen       total 260096K, used 241587K [0x00000000c0000000, 0x00000000cfe00000, 0x00000000eab00000)
  object space 260096K, 92% used [0x00000000c0000000,0x00000000cebecc18,0x00000000cfe00000)
 Metaspace       used 65761K, committed 66816K, reserved 1114112K
  class space    used 7005K, committed 7424K, reserved 1048576K
}
Event: 148.408 GC heap after
{Heap after GC invocations=38 (full 6):
 PSYoungGen      total 235008K, used 0K [0x00000000eab00000, 0x00000000fdf00000, 0x0000000100000000)
  eden space 162816K, 0% used [0x00000000eab00000,0x00000000eab00000,0x00000000f4a00000)
  from space 72192K, 0% used [0x00000000f9880000,0x00000000f9880000,0x00000000fdf00000)
  to   space 76288K, 0% used [0x00000000f4a00000,0x00000000f4a00000,0x00000000f9480000)
 ParOldGen       total 387072K, used 244853K [0x00000000c0000000, 0x00000000d7a00000, 0x00000000eab00000)
  object space 387072K, 63% used [0x00000000c0000000,0x00000000cef1d470,0x00000000d7a00000)
 Metaspace       used 65761K, committed 66816K, reserved 1114112K
  class space    used 7005K, committed 7424K, reserved 1048576K
}
Event: 154.116 GC heap before
{Heap before GC invocations=39 (full 6):
 PSYoungGen      total 235008K, used 162816K [0x00000000eab00000, 0x00000000fdf00000, 0x0000000100000000)
  eden space 162816K, 100% used [0x00000000eab00000,0x00000000f4a00000,0x00000000f4a00000)
  from space 72192K, 0% used [0x00000000f9880000,0x00000000f9880000,0x00000000fdf00000)
  to   space 76288K, 0% used [0x00000000f4a00000,0x00000000f4a00000,0x00000000f9480000)
 ParOldGen       total 387072K, used 244853K [0x00000000c0000000, 0x00000000d7a00000, 0x00000000eab00000)
  object space 387072K, 63% used [0x00000000c0000000,0x00000000cef1d470,0x00000000d7a00000)
 Metaspace       used 65779K, committed 66816K, reserved 1114112K
  class space    used 7005K, committed 7424K, reserved 1048576K
}
Event: 156.178 GC heap after
{Heap after GC invocations=39 (full 6):
 PSYoungGen      total 199680K, used 36806K [0x00000000eab00000, 0x00000000fbc00000, 0x0000000100000000)
  eden space 162816K, 0% used [0x00000000eab00000,0x00000000eab00000,0x00000000f4a00000)
  from space 36864K, 99% used [0x00000000f4a00000,0x00000000f6df1848,0x00000000f6e00000)
  to   space 47616K, 0% used [0x00000000f8d80000,0x00000000f8d80000,0x00000000fbc00000)
 ParOldGen       total 387072K, used 244853K [0x00000000c0000000, 0x00000000d7a00000, 0x00000000eab00000)
  object space 387072K, 63% used [0x00000000c0000000,0x00000000cef1d470,0x00000000d7a00000)
 Metaspace       used 65779K, committed 66816K, reserved 1114112K
  class space    used 7005K, committed 7424K, reserved 1048576K
}
Event: 165.009 GC heap before
{Heap before GC invocations=40 (full 6):
 PSYoungGen      total 199680K, used 199622K [0x00000000eab00000, 0x00000000fbc00000, 0x0000000100000000)
  eden space 162816K, 100% used [0x00000000eab00000,0x00000000f4a00000,0x00000000f4a00000)
  from space 36864K, 99% used [0x00000000f4a00000,0x00000000f6df1848,0x00000000f6e00000)
  to   space 47616K, 0% used [0x00000000f8d80000,0x00000000f8d80000,0x00000000fbc00000)
 ParOldGen       total 387072K, used 244853K [0x00000000c0000000, 0x00000000d7a00000, 0x00000000eab00000)
  object space 387072K, 63% used [0x00000000c0000000,0x00000000cef1d470,0x00000000d7a00000)
 Metaspace       used 66212K, committed 67200K, reserved 1114112K
  class space    used 7009K, committed 7424K, reserved 1048576K
}
Event: 166.620 GC heap after
{Heap after GC invocations=40 (full 6):
 PSYoungGen      total 218624K, used 34503K [0x00000000eab00000, 0x00000000faf80000, 0x0000000100000000)
  eden space 183808K, 0% used [0x00000000eab00000,0x00000000eab00000,0x00000000f5e80000)
  from space 34816K, 99% used [0x00000000f8d80000,0x00000000faf31d18,0x00000000faf80000)
  to   space 37376K, 0% used [0x00000000f6680000,0x00000000f6680000,0x00000000f8b00000)
 ParOldGen       total 387072K, used 281595K [0x00000000c0000000, 0x00000000d7a00000, 0x00000000eab00000)
  object space 387072K, 72% used [0x00000000c0000000,0x00000000d12fee60,0x00000000d7a00000)
 Metaspace       used 66212K, committed 67200K, reserved 1114112K
  class space    used 7009K, committed 7424K, reserved 1048576K
}
Event: 197.326 GC heap before
{Heap before GC invocations=41 (full 6):
 PSYoungGen      total 218624K, used 218188K [0x00000000eab00000, 0x00000000faf80000, 0x0000000100000000)
  eden space 183808K, 99% used [0x00000000eab00000,0x00000000f5e61670,0x00000000f5e80000)
  from space 34816K, 99% used [0x00000000f8d80000,0x00000000faf31d18,0x00000000faf80000)
  to   space 37376K, 0% used [0x00000000f6680000,0x00000000f6680000,0x00000000f8b00000)
 ParOldGen       total 387072K, used 281595K [0x00000000c0000000, 0x00000000d7a00000, 0x00000000eab00000)
  object space 387072K, 72% used [0x00000000c0000000,0x00000000d12fee60,0x00000000d7a00000)
 Metaspace       used 66656K, committed 67648K, reserved 1114112K
  class space    used 7013K, committed 7424K, reserved 1048576K
}
Event: 202.133 GC heap after
{Heap after GC invocations=41 (full 6):
 PSYoungGen      total 229376K, used 37365K [0x00000000eab00000, 0x0000000100000000, 0x0000000100000000)
  eden space 192000K, 0% used [0x00000000eab00000,0x00000000eab00000,0x00000000f6680000)
  from space 37376K, 99% used [0x00000000f6680000,0x00000000f8afd418,0x00000000f8b00000)
  to   space 108544K, 0% used [0x00000000f9600000,0x00000000f9600000,0x0000000100000000)
 ParOldGen       total 387072K, used 341710K [0x00000000c0000000, 0x00000000d7a00000, 0x00000000eab00000)
  object space 387072K, 88% used [0x00000000c0000000,0x00000000d4db3af8,0x00000000d7a00000)
 Metaspace       used 66656K, committed 67648K, reserved 1114112K
  class space    used 7013K, committed 7424K, reserved 1048576K
}
Event: 202.133 GC heap before
{Heap before GC invocations=42 (full 7):
 PSYoungGen      total 229376K, used 37365K [0x00000000eab00000, 0x0000000100000000, 0x0000000100000000)
  eden space 192000K, 0% used [0x00000000eab00000,0x00000000eab00000,0x00000000f6680000)
  from space 37376K, 99% used [0x00000000f6680000,0x00000000f8afd418,0x00000000f8b00000)
  to   space 108544K, 0% used [0x00000000f9600000,0x00000000f9600000,0x0000000100000000)
 ParOldGen       total 387072K, used 341710K [0x00000000c0000000, 0x00000000d7a00000, 0x00000000eab00000)
  object space 387072K, 88% used [0x00000000c0000000,0x00000000d4db3af8,0x00000000d7a00000)
 Metaspace       used 66656K, committed 67648K, reserved 1114112K
  class space    used 7013K, committed 7424K, reserved 1048576K
}

